[debug] [2021-08-09T08:53:51.515Z] ----------------------------------------------------------------------
[debug] [2021-08-09T08:53:51.520Z] Command:       C:\Program Files\nodejs\node.exe C:\Users\Khurram\AppData\Roaming\npm\node_modules\firebase-tools\lib\bin\firebase.js init
[debug] [2021-08-09T08:53:51.521Z] CLI Version:   9.16.0
[debug] [2021-08-09T08:53:51.521Z] Platform:      win32
[debug] [2021-08-09T08:53:51.521Z] Node Version:  v14.17.4
[debug] [2021-08-09T08:53:51.526Z] Time:          Mon Aug 09 2021 13:53:51 GMT+0500 (Pakistan Standard Time)
[debug] [2021-08-09T08:53:51.527Z] ----------------------------------------------------------------------
[debug] 
[debug] [2021-08-09T08:53:51.533Z] >>> [apiv2][query] GET https://firebase-public.firebaseio.com/cli.json [none]
[debug] [2021-08-09T08:53:51.582Z] > command requires scopes: ["email","openid","https://www.googleapis.com/auth/cloudplatformprojects.readonly","https://www.googleapis.com/auth/firebase","https://www.googleapis.com/auth/cloud-platform"]
[debug] [2021-08-09T08:53:51.582Z] > authorizing via signed-in user (khurramamirak2016@gmail.com)
[info] 
     ######## #### ########  ######## ########     ###     ######  ########
     ##        ##  ##     ## ##       ##     ##  ##   ##  ##       ##
     ######    ##  ########  ######   ########  #########  ######  ######
     ##        ##  ##    ##  ##       ##     ## ##     ##       ## ##
     ##       #### ##     ## ######## ########  ##     ##  ######  ########

You're about to initialize a Firebase project in this directory:

  C:\Users\Khurram\Desktop\Ubuntu\Projects\MAINS\QuizApp\quiz-app

[debug] [2021-08-09T08:53:52.779Z] <<< [apiv2][status] GET https://firebase-public.firebaseio.com/cli.json 200
[debug] [2021-08-09T08:53:52.781Z] <<< [apiv2][body] GET https://firebase-public.firebaseio.com/cli.json {"cloudBuildErrorAfter":1594252800000,"cloudBuildWarnAfter":1590019200000,"defaultNode10After":1594252800000,"minVersion":"3.0.5","node8DeploysDisabledAfter":1613390400000,"node8RuntimeDisabledAfter":1615809600000,"node8WarnAfter":1600128000000}
[info] 
=== Project Setup
[info] 
[info] First, let's associate this project directory with a Firebase project.
[info] You can create multiple project aliases by running firebase use --add, 
[info] but for now we'll just set up a default project.
[info] 
[debug] [2021-08-09T08:54:04.709Z] > refreshing access token with scopes: []
[debug] [2021-08-09T08:54:04.710Z] >>> HTTP REQUEST POST https://www.googleapis.com/oauth2/v3/token  
 <request body omitted>
[debug] [2021-08-09T08:54:05.432Z] <<< HTTP RESPONSE 200 {"expires":"Mon, 01 Jan 1990 00:00:00 GMT","date":"Mon, 09 Aug 2021 08:54:04 GMT","cache-control":"no-cache, no-store, max-age=0, must-revalidate","pragma":"no-cache","content-type":"application/json; charset=utf-8","vary":"X-Origin, Referer, Origin,Accept-Encoding","server":"scaffolding on HTTPServer2","x-xss-protection":"0","x-frame-options":"SAMEORIGIN","x-content-type-options":"nosniff","alt-svc":"h3=\":443\"; ma=2592000,h3-29=\":443\"; ma=2592000,h3-T051=\":443\"; ma=2592000,h3-Q050=\":443\"; ma=2592000,h3-Q046=\":443\"; ma=2592000,h3-Q043=\":443\"; ma=2592000,quic=\":443\"; ma=2592000; v=\"46,43\"","accept-ranges":"none","transfer-encoding":"chunked"}
[debug] [2021-08-09T08:54:05.467Z] >>> [apiv2][query] GET https://firebase.googleapis.com/v1beta1/projects pageSize=100
[debug] [2021-08-09T08:54:06.528Z] <<< [apiv2][status] GET https://firebase.googleapis.com/v1beta1/projects 200
[debug] [2021-08-09T08:54:06.529Z] <<< [apiv2][body] GET https://firebase.googleapis.com/v1beta1/projects [omitted]
